2020-07-15 21:20:56,342:DEBUG:discord.client: Dispatching event socket_raw_receive
2020-07-15 21:20:56,342:DEBUG:discord.gateway: For Shard ID None: WebSocket Event: {'t': 'PRESENCE_UPDATE', 's': 4, 'op': 0, 'd': {'user': {'id': '190362312098578432'}, 'status': 'online', 'roles': [], 'guild_id': '499783272511832075', 'game': {'type': 4, 'state': '*rawr*', 'name': 'Custom Status', 'id': 'custom', 'emoji': {'name': 'mikuJig', 'id': '624956755138576416', 'animated': True}, 'created_at': 1594839447895}, 'client_status': {'desktop': 'online'}, 'activities': [{'type': 4, 'state': '*rawr*', 'name': 'Custom Status', 'id': 'custom', 'emoji': {'name': 'mikuJig', 'id': '624956755138576416', 'animated': True}, 'created_at': 1594839447895}, {'type': 2, 'timestamps': {'start': 1594866055846, 'end': 1594866250158}, 'sync_id': '12zIV9hktxAmrhYqsjsbix', 'state': 'Freezer; Kiichigo', 'session_id': '456c222bc800a390daa56fa1ab97ba7f', 'party': {'id': 'spotify:190362312098578432'}, 'name': 'Spotify', 'id': 'spotify:1', 'flags': 48, 'details': 'Berry Go!!', 'created_at': 1594866056399, 'assets': {'large_text': 'Can You Decorate?', 'large_image': 'spotify:ab67616d0000b2737345989e30b4056799a7cd1d'}}]}}
2020-07-15 21:20:56,342:DEBUG:discord.client: Dispatching event socket_response
2020-07-15 21:20:56,342:DEBUG:discord.client: Dispatching event member_update
2020-07-15 21:20:56,829:DEBUG:discord.client: Dispatching event socket_raw_receive
2020-07-15 21:20:56,829:DEBUG:discord.gateway: For Shard ID None: WebSocket Event: {'t': 'PRESENCE_UPDATE', 's': 5, 'op': 0, 'd': {'user': {'id': '190362312098578432'}, 'status': 'online', 'roles': ['243191154684854273', '244945130795171841', '249647711391973376', '499770170013777920', '531643058589270017', '565770486605414400', '617389307862319142', '680307961746292767'], 'premium_since': None, 'nick': 'katsu pollo', 'guild_id': '243182773240594433', 'game': {'type': 4, 'state': '*rawr*', 'name': 'Custom Status', 'id': 'custom', 'emoji': {'name': 'mikuJig', 'id': '624956755138576416', 'animated': True}, 'created_at': 1594839447895}, 'client_status': {'desktop': 'online'}, 'activities': [{'type': 4, 'state': '*rawr*', 'name': 'Custom Status', 'id': 'custom', 'emoji': {'name': 'mikuJig', 'id': '624956755138576416', 'animated': True}, 'created_at': 1594839447895}, {'type': 2, 'timestamps': {'start': 1594866055846, 'end': 1594866250158}, 'sync_id': '12zIV9hktxAmrhYqsjsbix', 'state': 'Freezer; Kiichigo', 'session_id': '456c222bc800a390daa56fa1ab97ba7f', 'party': {'id': 'spotify:190362312098578432'}, 'name': 'Spotify', 'id': 'spotify:1', 'flags': 48, 'details': 'Berry Go!!', 'created_at': 1594866056399, 'assets': {'large_text': 'Can You Decorate?', 'large_image': 'spotify:ab67616d0000b2737345989e30b4056799a7cd1d'}}]}}
2020-07-15 21:20:56,829:DEBUG:discord.client: Dispatching event socket_response
2020-07-15 21:20:56,829:DEBUG:discord.client: Dispatching event member_update
2020-07-15 21:21:01,132:DEBUG:discord.client: Dispatching event socket_raw_receive
2020-07-15 21:21:01,132:DEBUG:discord.gateway: For Shard ID None: WebSocket Event: {'t': 'PRESENCE_UPDATE', 's': 6, 'op': 0, 'd': {'user': {'id': '521344134875971585'}, 'status': 'offline', 'roles': ['545473022916820992', '243191154684854273', '632384448423526410'], 'premium_since': None, 'nick': None, 'guild_id': '243182773240594433', 'game': None, 'client_status': {}, 'activities': []}}
2020-07-15 21:21:01,132:DEBUG:discord.client: Dispatching event socket_response
2020-07-15 21:21:01,132:DEBUG:discord.client: Dispatching event member_update
2020-07-15 21:21:14,235:DEBUG:discord.client: Dispatching event socket_raw_receive
2020-07-15 21:21:14,235:DEBUG:discord.gateway: For Shard ID None: WebSocket Event: {'t': 'PRESENCE_UPDATE', 's': 7, 'op': 0, 'd': {'user': {'id': '281995487446302722'}, 'status': 'online', 'roles': ['243191154684854273'], 'guild_id': '243182773240594433', 'game': {'type': 2, 'timestamps': {'start': 1594865955440, 'end': 1594866126298}, 'sync_id': '53BHUFdQphHiZUUG3nx9zn', 'state': 'AJR', 'session_id': '357e946afb9e6ae1848e32a8f1dc7e65', 'party': {'id': 'spotify:281995487446302722'}, 'name': 'Spotify', 'id': 'spotify:1', 'flags': 48, 'details': 'Bang!', 'created_at': 1594865957010, 'assets': {'large_text': 'Bang!', 'large_image': 'spotify:ab67616d0000b2730134dd5da1a3482aa4b5bade'}}, 'client_status': {'desktop': 'online'}, 'activities': [{'type': 2, 'timestamps': {'start': 1594865955440, 'end': 1594866126298}, 'sync_id': '53BHUFdQphHiZUUG3nx9zn', 'state': 'AJR', 'session_id': '357e946afb9e6ae1848e32a8f1dc7e65', 'party': {'id': 'spotify:281995487446302722'}, 'name': 'Spotify', 'id': 'spotify:1', 'flags': 48, 'details': 'Bang!', 'created_at': 1594865957010, 'assets': {'large_text': 'Bang!', 'large_image': 'spotify:ab67616d0000b2730134dd5da1a3482aa4b5bade'}}, {'type': 0, 'timestamps': {'start': 1594864217000}, 'state': 'World 24', 'session_id': '357e946afb9e6ae1848e32a8f1dc7e65', 'party': {'size': [10, 15], 'id': '9c67afb4718b40939ca5848398531c2b'}, 'name': 'Wynncraft', 'id': '77b1646ed8ee4c94', 'flags': 2, 'details': 'In Toxic Caves', 'created_at': 1594866074314, 'assets': {'large_text': 'PuddingBobCat | Level 106 SHAMAN', 'large_image': '643977410416476173'}, 'application_id': '387266678607577088'}]}}
2020-07-15 21:21:14,235:DEBUG:discord.client: Dispatching event socket_response
2020-07-15 21:21:14,235:DEBUG:discord.client: Dispatching event member_update
2020-07-15 21:21:14,290:DEBUG:discord.client: Dispatching event socket_raw_receive
2020-07-15 21:21:14,290:DEBUG:discord.gateway: For Shard ID None: WebSocket Event: {'t': 'PRESENCE_UPDATE', 's': 8, 'op': 0, 'd': {'user': {'id': '281995487446302722'}, 'status': 'online', 'roles': ['243191154684854273'], 'guild_id': '243182773240594433', 'game': {'type': 2, 'timestamps': {'start': 1594865955440, 'end': 1594866126298}, 'sync_id': '53BHUFdQphHiZUUG3nx9zn', 'state': 'AJR', 'session_id': '357e946afb9e6ae1848e32a8f1dc7e65', 'party': {'id': 'spotify:281995487446302722'}, 'name': 'Spotify', 'id': 'spotify:1', 'flags': 48, 'details': 'Bang!', 'created_at': 1594865957010, 'assets': {'large_text': 'Bang!', 'large_image': 'spotify:ab67616d0000b2730134dd5da1a3482aa4b5bade'}}, 'client_status': {'desktop': 'online'}, 'activities': [{'type': 2, 'timestamps': {'start': 1594865955440, 'end': 1594866126298}, 'sync_id': '53BHUFdQphHiZUUG3nx9zn', 'state': 'AJR', 'session_id': '357e946afb9e6ae1848e32a8f1dc7e65', 'party': {'id': 'spotify:281995487446302722'}, 'name': 'Spotify', 'id': 'spotify:1', 'flags': 48, 'details': 'Bang!', 'created_at': 1594865957010, 'assets': {'large_text': 'Bang!', 'large_image': 'spotify:ab67616d0000b2730134dd5da1a3482aa4b5bade'}}, {'type': 0, 'timestamps': {'start': 1594864217000}, 'state': 'World 24', 'party': {}, 'name': 'Wynncraft', 'id': '77b1646ed8ee4c94', 'details': 'In Toxic Caves', 'created_at': 1594866074368, 'assets': {'large_text': 'PuddingBobCat | Level 106 SHAMAN', 'large_image': '643977410416476173'}, 'application_id': '387266678607577088'}]}}
2020-07-15 21:21:14,290:DEBUG:discord.client: Dispatching event socket_response
2020-07-15 21:21:14,290:DEBUG:discord.client: Dispatching event member_update
2020-07-15 21:21:25,824:DEBUG:discord.client: Dispatching event socket_raw_receive
2020-07-15 21:21:25,824:DEBUG:discord.gateway: For Shard ID None: WebSocket Event: {'t': 'PRESENCE_UPDATE', 's': 9, 'op': 0, 'd': {'user': {'id': '226541786686816267'}, 'status': 'online', 'roles': ['243191154684854273', '244945130795171841', '475495348295696394', '680307961746292767'], 'premium_since': None, 'nick': 'Blu2', 'guild_id': '243182773240594433', 'game': {'type': 4, 'state': 'Accidentally smuggled 13 ears of corn across the border', 'name': 'Custom Status', 'id': 'custom', 'emoji': {'name': '✨'}, 'created_at': 1594866085890}, 'client_status': {'mobile': 'online', 'desktop': 'online'}, 'activities': [{'type': 4, 'state': 'Accidentally smuggled 13 ears of corn across the border', 'name': 'Custom Status', 'id': 'custom', 'emoji': {'name': '✨'}, 'created_at': 1594866085890}]}}
2020-07-15 21:21:25,824:DEBUG:discord.client: Dispatching event socket_response
2020-07-15 21:21:25,824:DEBUG:discord.client: Dispatching event member_update
2020-07-15 21:21:31,484:DEBUG:discord.gateway: Keeping websocket alive with sequence 9.
2020-07-15 21:21:31,484:DEBUG:discord.client: Dispatching event socket_raw_send
2020-07-15 21:21:31,548:DEBUG:discord.client: Dispatching event socket_raw_receive
2020-07-15 21:21:31,549:DEBUG:discord.gateway: For Shard ID None: WebSocket Event: {'t': None, 's': None, 'op': 11, 'd': None}
2020-07-15 21:21:31,549:DEBUG:discord.client: Dispatching event socket_response
2020-07-15 21:21:36,639:DEBUG:discord.client: Dispatching event socket_raw_receive
2020-07-15 21:21:36,639:DEBUG:discord.gateway: For Shard ID None: WebSocket Event: {'t': 'MESSAGE_CREATE', 's': 10, 'op': 0, 'd': {'type': 0, 'tts': False, 'timestamp': '2020-07-16T02:21:36.625000+00:00', 'pinned': False, 'nonce': '733146288836575232', 'mentions': [], 'mention_roles': [], 'mention_everyone': False, 'member': {'roles': [], 'mute': False, 'joined_at': '2018-10-11T03:20:17.740000+00:00', 'hoisted_role': None, 'deaf': False}, 'id': '733146289537155115', 'flags': 0, 'embeds': [], 'edited_timestamp': None, 'content': '!hello', 'channel_id': '600867936621690898', 'author': {'username': 'LypTea', 'public_flags': 128, 'id': '190362312098578432', 'discriminator': '1663', 'avatar': '69c1033d520cecfc9ff395f059d602fe'}, 'attachments': [], 'guild_id': '499783272511832075'}}
2020-07-15 21:21:36,639:DEBUG:discord.client: Dispatching event socket_response
2020-07-15 21:21:36,639:DEBUG:discord.client: Dispatching event message
2020-07-15 21:21:36,640:DEBUG:discord.client: Dispatching event command_error
2020-07-15 21:21:56,265:DEBUG:discord.client: Dispatching event socket_raw_receive
2020-07-15 21:21:56,266:DEBUG:discord.gateway: For Shard ID None: WebSocket Event: {'t': 'PRESENCE_UPDATE', 's': 11, 'op': 0, 'd': {'user': {'id': '242051526212714499'}, 'status': 'online', 'roles': ['243191154684854273', '244945130795171841', '428751054537097236', '545473022916820992', '586959307547869214', '617389307862319142', '680307961746292767'], 'premium_since': '2019-06-08T16:46:44.096000+00:00', 'nick': 'Kat', 'guild_id': '243182773240594433', 'game': None, 'client_status': {'desktop': 'online'}, 'activities': []}}
2020-07-15 21:21:56,266:DEBUG:discord.client: Dispatching event socket_response
2020-07-15 21:21:56,266:DEBUG:discord.client: Dispatching event member_update
2020-07-15 21:22:03,258:DEBUG:discord.client: Dispatching event socket_raw_receive
2020-07-15 21:22:03,258:DEBUG:discord.gateway: For Shard ID None: WebSocket Event: {'t': 'PRESENCE_UPDATE', 's': 12, 'op': 0, 'd': {'user': {'username': '🎀 Patty 🎀', 'id': '521344134875971585', 'discriminator': '4005', 'avatar': '897e19066e342ca326809a07af103211'}, 'status': 'online', 'roles': ['545473022916820992', '243191154684854273', '632384448423526410'], 'premium_since': None, 'nick': None, 'guild_id': '243182773240594433', 'game': None, 'client_status': {'mobile': 'online'}, 'activities': []}}
2020-07-15 21:22:03,258:DEBUG:discord.client: Dispatching event socket_response
2020-07-15 21:22:03,258:DEBUG:discord.client: Dispatching event member_update
2020-07-15 21:22:06,113:DEBUG:discord.client: Dispatching event socket_raw_receive
2020-07-15 21:22:06,113:DEBUG:discord.gateway: For Shard ID None: WebSocket Event: {'t': 'PRESENCE_UPDATE', 's': 13, 'op': 0, 'd': {'user': {'id': '521344134875971585'}, 'status': 'online', 'roles': ['545473022916820992', '243191154684854273', '632384448423526410'], 'premium_since': None, 'nick': None, 'guild_id': '243182773240594433', 'game': {'type': 4, 'state': 'Fuck you', 'name': 'Custom Status', 'id': 'custom', 'flags': 0, 'emoji': {'name': '💖'}, 'created_at': 1594866126015}, 'client_status': {'mobile': 'online'}, 'activities': [{'type': 4, 'state': 'Fuck you', 'name': 'Custom Status', 'id': 'custom', 'flags': 0, 'emoji': {'name': '💖'}, 'created_at': 1594866126015}]}}
2020-07-15 21:22:06,113:DEBUG:discord.client: Dispatching event socket_response
2020-07-15 21:22:06,113:DEBUG:discord.client: Dispatching event member_update
2020-07-15 21:22:08,285:DEBUG:discord.client: Dispatching event socket_raw_receive
2020-07-15 21:22:08,285:DEBUG:discord.gateway: For Shard ID None: WebSocket Event: {'t': 'PRESENCE_UPDATE', 's': 14, 'op': 0, 'd': {'user': {'id': '281995487446302722'}, 'status': 'online', 'roles': ['243191154684854273'], 'guild_id': '243182773240594433', 'game': {'type': 2, 'timestamps': {'start': 1594866126762, 'end': 1594866365508}, 'sync_id': '0pCTr2E9CtulIwNprituKi', 'state': 'alt-J', 'session_id': '357e946afb9e6ae1848e32a8f1dc7e65', 'party': {'id': 'spotify:281995487446302722'}, 'name': 'Spotify', 'id': 'spotify:1', 'flags': 48, 'details': 'Ms', 'created_at': 1594866128360, 'assets': {'large_text': 'An Awesome Wave', 'large_image': 'spotify:ab67616d0000b27369592e88bb29d610a35118f8'}}, 'client_status': {'desktop': 'online'}, 'activities': [{'type': 2, 'timestamps': {'start': 1594866126762, 'end': 1594866365508}, 'sync_id': '0pCTr2E9CtulIwNprituKi', 'state': 'alt-J', 'session_id': '357e946afb9e6ae1848e32a8f1dc7e65', 'party': {'id': 'spotify:281995487446302722'}, 'name': 'Spotify', 'id': 'spotify:1', 'flags': 48, 'details': 'Ms', 'created_at': 1594866128360, 'assets': {'large_text': 'An Awesome Wave', 'large_image': 'spotify:ab67616d0000b27369592e88bb29d610a35118f8'}}, {'type': 0, 'timestamps': {'start': 1594864217000}, 'state': 'World 24', 'party': {}, 'name': 'Wynncraft', 'id': '77b1646ed8ee4c94', 'details': 'In Toxic Caves', 'created_at': 1594866074368, 'assets': {'large_text': 'PuddingBobCat | Level 106 SHAMAN', 'large_image': '643977410416476173'}, 'application_id': '387266678607577088'}]}}
2020-07-15 21:22:08,285:DEBUG:discord.client: Dispatching event socket_response
2020-07-15 21:22:08,285:DEBUG:discord.client: Dispatching event member_update
2020-07-15 21:22:12,734:DEBUG:discord.gateway: Keeping websocket alive with sequence 14.
2020-07-15 21:22:12,735:DEBUG:discord.client: Dispatching event socket_raw_send
2020-07-15 21:22:12,800:DEBUG:discord.client: Dispatching event socket_raw_receive
2020-07-15 21:22:12,800:DEBUG:discord.gateway: For Shard ID None: WebSocket Event: {'t': None, 's': None, 'op': 11, 'd': None}
2020-07-15 21:22:12,800:DEBUG:discord.client: Dispatching event socket_response
2020-07-15 21:22:29,779:DEBUG:discord.client: Dispatching event socket_raw_receive
2020-07-15 21:22:29,779:DEBUG:discord.gateway: For Shard ID None: WebSocket Event: {'t': 'PRESENCE_UPDATE', 's': 15, 'op': 0, 'd': {'user': {'id': '309504198276284418'}, 'status': 'dnd', 'roles': ['243191154684854273'], 'guild_id': '243182773240594433', 'game': {'type': 4, 'name': 'Custom Status', 'id': 'custom', 'emoji': {'name': '👺'}, 'created_at': 1594866149010}, 'client_status': {'desktop': 'dnd'}, 'activities': [{'type': 4, 'name': 'Custom Status', 'id': 'custom', 'emoji': {'name': '👺'}, 'created_at': 1594866149010}]}}
2020-07-15 21:22:29,779:DEBUG:discord.client: Dispatching event socket_response
2020-07-15 21:22:29,779:DEBUG:discord.client: Dispatching event member_update
2020-07-15 21:22:31,327:DEBUG:discord.client: Dispatching event socket_raw_receive
2020-07-15 21:22:31,327:DEBUG:discord.gateway: For Shard ID None: WebSocket Event: {'t': 'PRESENCE_UPDATE', 's': 16, 'op': 0, 'd': {'user': {'id': '281995487446302722'}, 'status': 'online', 'roles': ['243191154684854273'], 'guild_id': '243182773240594433', 'game': {'type': 2, 'timestamps': {'start': 1594866149794, 'end': 1594866397580}, 'sync_id': '48XkVAagIoQHCsOlJtXUd5', 'state': 'half•alive', 'session_id': '357e946afb9e6ae1848e32a8f1dc7e65', 'party': {'id': 'spotify:281995487446302722'}, 'name': 'Spotify', 'id': 'spotify:1', 'flags': 48, 'details': 'still feel.', 'created_at': 1594866151410, 'assets': {'large_text': 'Now, Not Yet', 'large_image': 'spotify:ab67616d0000b273f89d2d949f9671982e9e732c'}}, 'client_status': {'desktop': 'online'}, 'activities': [{'type': 2, 'timestamps': {'start': 1594866149794, 'end': 1594866397580}, 'sync_id': '48XkVAagIoQHCsOlJtXUd5', 'state': 'half•alive', 'session_id': '357e946afb9e6ae1848e32a8f1dc7e65', 'party': {'id': 'spotify:281995487446302722'}, 'name': 'Spotify', 'id': 'spotify:1', 'flags': 48, 'details': 'still feel.', 'created_at': 1594866151410, 'assets': {'large_text': 'Now, Not Yet', 'large_image': 'spotify:ab67616d0000b273f89d2d949f9671982e9e732c'}}, {'type': 0, 'timestamps': {'start': 1594864217000}, 'state': 'World 24', 'party': {}, 'name': 'Wynncraft', 'id': '77b1646ed8ee4c94', 'details': 'In Toxic Caves', 'created_at': 1594866074368, 'assets': {'large_text': 'PuddingBobCat | Level 106 SHAMAN', 'large_image': '643977410416476173'}, 'application_id': '387266678607577088'}]}}
2020-07-15 21:22:31,328:DEBUG:discord.client: Dispatching event socket_response
2020-07-15 21:22:31,328:DEBUG:discord.client: Dispatching event member_update
2020-07-15 21:22:35,544:DEBUG:discord.client: Dispatching event socket_raw_receive
2020-07-15 21:22:35,544:DEBUG:discord.gateway: For Shard ID None: WebSocket Event: {'t': 'PRESENCE_UPDATE', 's': 17, 'op': 0, 'd': {'user': {'id': '281995487446302722'}, 'status': 'online', 'roles': ['243191154684854273'], 'guild_id': '243182773240594433', 'game': {'type': 2, 'timestamps': {'start': 1594866153959, 'end': 1594866344967}, 'sync_id': '2KKBlK4IZUdjlJ7F0WGzU6', 'state': 'THE DRIVER ERA', 'session_id': '357e946afb9e6ae1848e32a8f1dc7e65', 'party': {'id': 'spotify:281995487446302722'}, 'name': 'Spotify', 'id': 'spotify:1', 'flags': 48, 'details': 'Afterglow', 'created_at': 1594866155620, 'assets': {'large_text': 'X', 'large_image': 'spotify:ab67616d0000b27373443ec1eec21d614918f3d9'}}, 'client_status': {'desktop': 'online'}, 'activities': [{'type': 2, 'timestamps': {'start': 1594866153959, 'end': 1594866344967}, 'sync_id': '2KKBlK4IZUdjlJ7F0WGzU6', 'state': 'THE DRIVER ERA', 'session_id': '357e946afb9e6ae1848e32a8f1dc7e65', 'party': {'id': 'spotify:281995487446302722'}, 'name': 'Spotify', 'id': 'spotify:1', 'flags': 48, 'details': 'Afterglow', 'created_at': 1594866155620, 'assets': {'large_text': 'X', 'large_image': 'spotify:ab67616d0000b27373443ec1eec21d614918f3d9'}}, {'type': 0, 'timestamps': {'start': 1594864217000}, 'state': 'World 24', 'party': {}, 'name': 'Wynncraft', 'id': '77b1646ed8ee4c94', 'details': 'In Toxic Caves', 'created_at': 1594866074368, 'assets': {'large_text': 'PuddingBobCat | Level 106 SHAMAN', 'large_image': '643977410416476173'}, 'application_id': '387266678607577088'}]}}
2020-07-15 21:22:35,544:DEBUG:discord.client: Dispatching event socket_response
2020-07-15 21:22:35,544:DEBUG:discord.client: Dispatching event member_update
